#
# A fatal error has been detected by the Java Runtime Environment:
#
#  EXCEPTION_ACCESS_VIOLATION (0xc0000005) at pc=0x00000000671e82b5, pid=5156, tid=884
#
# JRE version: Java(TM) SE Runtime Environment (8.0_45-b15) (build 1.8.0_45-b15)
# Java VM: Java HotSpot(TM) 64-Bit Server VM (25.45-b02 mixed mode windows-amd64 compressed oops)
# Problematic frame:
# V  [jvm.dll+0x1282b5]
#
# Failed to write core dump. Minidumps are not enabled by default on client versions of Windows
#
# If you would like to submit a bug report, please visit:
#   http://bugreport.java.com/bugreport/crash.jsp
#

---------------  T H R E A D  ---------------

Current thread (0x0000000054f7d000):  JavaThread "JDWP Transport Listener: dt_socket" daemon [_thread_in_vm, id=884, stack(0x0000000056d30000,0x0000000056e30000)]

siginfo: ExceptionCode=0xc0000005, reading address 0x0000000056003b72

Registers:
RAX=0x0000000056e2f201, RBX=0x0000000054f7d000, RCX=0x0000000056003b72, RDX=0x0000000000000000
RSP=0x0000000056e2f240, RBP=0x0000000056003b72, RSI=0x0000000056e2f358, RDI=0x00000000020e9700
R8 =0x0000000054f7d000, R9 =0x000000000000ff00, R10=0x0000000000000000, R11=0x2f61963600da0086
R12=0x0000000000000000, R13=0x000000005633cee8, R14=0x0000000000000000, R15=0x0000000000000000
RIP=0x00000000671e82b5, EFLAGS=0x0000000000010206

Top of Stack: (sp=0x0000000056e2f240)
0x0000000056e2f240:   0000000054f7d000 0000000054f7d000
0x0000000056e2f250:   0000000056e2f308 00000000673ec7db
0x0000000056e2f260:   0000000054f7d000 000000006740903d
0x0000000056e2f270:   0000000000000000 0000000073f59155
0x0000000056e2f280:   0000000057c7e648 0000000073f6291e
0x0000000056e2f290:   0000000054f7d000 0000000000000000
0x0000000056e2f2a0:   0000000000000000 0000000000000000
0x0000000056e2f2b0:   0000000056003b72 0000000073f61a15
0x0000000056e2f2c0:   0000000056e2f358 0000000056e2f330
0x0000000056e2f2d0:   0000000000000001 0000000057c7e648
0x0000000056e2f2e0:   0000000056003b72 0000000073f453b3
0x0000000056e2f2f0:   0000000056e2f420 0000000000000001
0x0000000056e2f300:   0000000000000001 0000000057c7e648
0x0000000056e2f310:   00000000f000100a 0000000000000000
0x0000000056e2f320:   0000000000000000 0000000000000000
0x0000000056e2f330:   0000000000000001 0000000073f45571 

Instructions: (pc=0x00000000671e82b5)
0x00000000671e8295:   cc cc cc cc cc cc cc cc cc cc cc 48 83 ec 28 48
0x00000000671e82a5:   85 c9 75 07 33 c0 48 83 c4 28 c3 48 89 5c 24 20
0x00000000671e82b5:   48 8b 19 48 85 db 74 20 48 83 fb 37 74 1a 48 8b
0x00000000671e82c5:   13 48 8b cb ff 52 10 84 c0 74 0d 48 8b c3 48 8b 


Register to memory mapping:

RAX=0x0000000056e2f201 is pointing into the stack for thread: 0x0000000054f7d000
RBX=0x0000000054f7d000 is a thread
RCX=0x0000000056003b72 is pointing into the stack for thread: 0x0000000054f19800
RDX=0x0000000000000000 is an unknown value
RSP=0x0000000056e2f240 is pointing into the stack for thread: 0x0000000054f7d000
RBP=0x0000000056003b72 is pointing into the stack for thread: 0x0000000054f19800
RSI=0x0000000056e2f358 is pointing into the stack for thread: 0x0000000054f7d000
RDI=0x00000000020e9700 is an unknown value
R8 =0x0000000054f7d000 is a thread
R9 =0x000000000000ff00 is an unknown value
R10=0x0000000000000000 is an unknown value
R11=0x2f61963600da0086 is an unknown value
R12=0x0000000000000000 is an unknown value
R13=0x000000005633cee8 is an unknown value
R14=0x0000000000000000 is an unknown value
R15=0x0000000000000000 is an unknown value


Stack: [0x0000000056d30000,0x0000000056e30000],  sp=0x0000000056e2f240,  free space=1020k
Native frames: (J=compiled Java code, j=interpreted, Vv=VM code, C=native code)
V  [jvm.dll+0x1282b5]
V  [jvm.dll+0x34903d]
C  [jdwp.dll+0x21a15]
C  [jdwp.dll+0x53b3]
C  [jdwp.dll+0x5571]
C  [jdwp.dll+0xf0a8]
C  [jdwp.dll+0x1f2d5]
C  [jdwp.dll+0x1f4aa]
V  [jvm.dll+0x1bae98]
V  [jvm.dll+0x241984]
V  [jvm.dll+0x29853a]
C  [msvcr100.dll+0x21d9f]
C  [msvcr100.dll+0x21e3b]
C  [kernel32.dll+0x15a4d]
C  [ntdll.dll+0x2b831]


---------------  P R O C E S S  ---------------

Java Threads: ( => current thread )
  0x00000000564a4000 JavaThread "ReaderThread" [_thread_in_native, id=7000, stack(0x0000000057a50000,0x0000000057b50000)]
  0x00000000563b5000 JavaThread "Service Thread" daemon [_thread_blocked, id=5008, stack(0x0000000057880000,0x0000000057980000)]
  0x00000000563b1000 JavaThread "C1 CompilerThread2" daemon [_thread_blocked, id=3152, stack(0x0000000057720000,0x0000000057820000)]
  0x0000000056353000 JavaThread "C2 CompilerThread1" daemon [_thread_blocked, id=5164, stack(0x0000000057580000,0x0000000057680000)]
  0x000000005634f000 JavaThread "C2 CompilerThread0" daemon [_thread_blocked, id=2108, stack(0x0000000057470000,0x0000000057570000)]
  0x0000000056341800 JavaThread "JDWP Command Reader" daemon [_thread_in_native, id=6864, stack(0x0000000057310000,0x0000000057410000)]
  0x0000000054f7f000 JavaThread "JDWP Event Helper Thread" daemon [_thread_blocked, id=7956, stack(0x00000000571c0000,0x00000000572c0000)]
=>0x0000000054f7d000 JavaThread "JDWP Transport Listener: dt_socket" daemon [_thread_in_vm, id=884, stack(0x0000000056d30000,0x0000000056e30000)]
  0x0000000056330800 JavaThread "Attach Listener" daemon [_thread_blocked, id=6384, stack(0x0000000056ac0000,0x0000000056bc0000)]
  0x0000000054f78000 JavaThread "Signal Dispatcher" daemon [_thread_blocked, id=2240, stack(0x0000000056850000,0x0000000056950000)]
  0x0000000054f19800 JavaThread "Finalizer" daemon [_thread_blocked, id=4324, stack(0x0000000055fc0000,0x00000000560c0000)]
  0x0000000054f12800 JavaThread "Reference Handler" daemon [_thread_blocked, id=2292, stack(0x0000000056230000,0x0000000056330000)]
  0x00000000020ef000 JavaThread "main" [_thread_blocked, id=7740, stack(0x00000000024a0000,0x00000000025a0000)]

Other Threads:
  0x0000000054f0d000 VMThread [stack: 0x00000000560e0000,0x00000000561e0000] [id=6052]
  0x00000000563b6000 WatcherThread [stack: 0x0000000056fc0000,0x00000000570c0000] [id=6416]

VM state:not at safepoint (normal execution)

VM Mutex/Monitor currently owned by a thread: None

Heap:
 PSYoungGen      total 18944K, used 6920K [0x00000000eb180000, 0x00000000ec680000, 0x0000000100000000)
  eden space 16384K, 42% used [0x00000000eb180000,0x00000000eb842270,0x00000000ec180000)
  from space 2560K, 0% used [0x00000000ec400000,0x00000000ec400000,0x00000000ec680000)
  to   space 2560K, 0% used [0x00000000ec180000,0x00000000ec180000,0x00000000ec400000)
 ParOldGen       total 44032K, used 0K [0x00000000c1400000, 0x00000000c3f00000, 0x00000000eb180000)
  object space 44032K, 0% used [0x00000000c1400000,0x00000000c1400000,0x00000000c3f00000)
 Metaspace       used 7472K, capacity 7670K, committed 7936K, reserved 1056768K
  class space    used 846K, capacity 899K, committed 1024K, reserved 1048576K

Card table byte_map: [0x0000000011c30000,0x0000000011e30000] byte_map_base: 0x0000000011626000

Marking Bits: (ParMarkBitMap*) 0x00000000678c4040
 Begin Bits: [0x0000000012420000, 0x00000000133d0000)
 End Bits:   [0x00000000133d0000, 0x0000000014380000)

Polling page: 0x0000000000220000

CodeCache: size=245760Kb used=2150Kb max_used=2161Kb free=243609Kb
 bounds [0x0000000002870000, 0x0000000002ae0000, 0x0000000011870000]
 total_blobs=816 nmethods=491 adapters=246
 compilation: enabled

Compilation events (10 events):
Event: 2.444 Thread 0x00000000563b1000 nmethod 487 0x0000000002a87510 code [0x0000000002a87760, 0x0000000002a884e8]
Event: 2.445 Thread 0x00000000563b1000  485       3       java.lang.invoke.LambdaForm::methodType (8 bytes)
Event: 2.445 Thread 0x00000000563b1000 nmethod 485 0x0000000002a88c10 code [0x0000000002a88d80, 0x0000000002a88fb8]
Event: 2.445 Thread 0x00000000563b1000  489       1       java.lang.invoke.MethodTypeForm::basicType (5 bytes)
Event: 2.445 Thread 0x00000000563b1000 nmethod 489 0x0000000002a89050 code [0x0000000002a891a0, 0x0000000002a892b0]
Event: 2.445 Thread 0x00000000563b1000  490       3       jdk.internal.org.objectweb.asm.ClassWriter::put122 (15 bytes)
Event: 2.445 Thread 0x00000000563b1000 nmethod 490 0x0000000002a89310 code [0x0000000002a89480, 0x0000000002a89698]
Event: 2.446 Thread 0x0000000056353000 nmethod 486 0x0000000002a8c6d0 code [0x0000000002a8c820, 0x0000000002a8cb38]
Event: 2.446 Thread 0x00000000563b1000  491       3       java.util.Arrays::copyOf (13 bytes)
Event: 2.446 Thread 0x00000000563b1000 nmethod 491 0x0000000002a8c250 code [0x0000000002a8c3c0, 0x0000000002a8c5e8]

GC Heap History (0 events):
No events

Deoptimization events (0 events):
No events

Internal exceptions (8 events):
Event: 0.085 Thread 0x00000000020ef000 Exception <a 'java/lang/NoSuchMethodError': Method sun.misc.Unsafe.defineClass(Ljava/lang/String;[BII)Ljava/lang/Class; name or signature does not match> (0x00000000eb18de80) thrown at [C:\re\workspace\8-2-build-windows-amd64-cygwin\jdk8u45\3627\hotspot\sr=Ó—‡çµ?
Event: 0.086 Thread 0x00000000020ef000 Exception <a 'java/lang/NoSuchMethodError': Method sun.misc.Unsafe.prefetchRead(Ljava/lang/Object;J)V name or signature does not match> (0x00000000eb18e110) thrown at [C:\re\workspace\8-2-build-windows-amd64-cygwin\jdk8u45\3627\hotspot\src\share\vm\prims\j£]W ^+õ?
Event: 1.323 Thread 0x00000000020ef000 Exception <a 'java/security/PrivilegedActionException'> (0x00000000eb64de80) thrown at [C:\re\workspace\8-2-build-windows-amd64-cygwin\jdk8u45\3627\hotspot\src\share\vm\prims\jvm.cpp, line 1382]
Event: 1.323 Thread 0x00000000020ef000 Exception <a 'java/security/PrivilegedActionException'> (0x00000000eb64e1c8) thrown at [C:\re\workspace\8-2-build-windows-amd64-cygwin\jdk8u45\3627\hotspot\src\share\vm\prims\jvm.cpp, line 1382]
Event: 1.326 Thread 0x00000000020ef000 Exception <a 'java/security/PrivilegedActionException'> (0x00000000eb652280) thrown at [C:\re\workspace\8-2-build-windows-amd64-cygwin\jdk8u45\3627\hotspot\src\share\vm\prims\jvm.cpp, line 1382]
Event: 1.326 Thread 0x00000000020ef000 Exception <a 'java/security/PrivilegedActionException'> (0x00000000eb6525c8) thrown at [C:\re\workspace\8-2-build-windows-amd64-cygwin\jdk8u45\3627\hotspot\src\share\vm\prims\jvm.cpp, line 1382]
Event: 1.605 Thread 0x00000000020ef000 Exception <a 'java/lang/NoSuchFieldError': method resolution failed> (0x00000000eb794540) thrown at [C:\re\workspace\8-2-build-windows-amd64-cygwin\jdk8u45\3627\hotspot\src\share\vm\prims\methodHandles.cpp, line 1125]
Event: 2.276 Thread 0x00000000020ef000 Exception <a 'java/lang/NoSuchFieldError': method resolution failed> (0x00000000eb7a2fc0) thrown at [C:\re\workspace\8-2-build-windows-amd64-cygwin\jdk8u45\3627\hotspot\src\share\vm\prims\methodHandles.cpp, line 1125]

Events (10 events):
Event: 329.399 Executing VM operation: RedefineClasses
Event: 329.404 Executing VM operation: RedefineClasses done
Event: 329.425 Executing VM operation: ChangeBreakpoints
Event: 329.425 Executing VM operation: ChangeBreakpoints done
Event: 329.438 Executing VM operation: ChangeBreakpoints
Event: 329.439 Executing VM operation: ChangeBreakpoints done
Event: 329.439 Executing VM operation: ChangeBreakpoints
Event: 329.439 Executing VM operation: ChangeBreakpoints done
Event: 342.602 Executing VM operation: RedefineClasses
Event: 342.605 Executing VM operation: RedefineClasses done


Dynamic libraries:
0x000000013f140000 - 0x000000013f177000 	C:\Program Files\Java\jdk1.8.0_45\bin\javaw.exe
0x00000000770d0000 - 0x0000000077279000 	C:\Windows\SYSTEM32\ntdll.dll
0x0000000076eb0000 - 0x0000000076fd0000 	C:\Windows\system32\kernel32.dll
0x000007fefd1c0000 - 0x000007fefd22c000 	C:\Windows\system32\KERNELBASE.dll
0x000007fefd630000 - 0x000007fefd70b000 	C:\Windows\system32\ADVAPI32.dll
0x000007fefd230000 - 0x000007fefd2cf000 	C:\Windows\system32\msvcrt.dll
0x000007fefd610000 - 0x000007fefd62f000 	C:\Windows\SYSTEM32\sechost.dll
0x000007fefda00000 - 0x000007fefdb2d000 	C:\Windows\system32\RPCRT4.dll
0x0000000076fd0000 - 0x00000000770ca000 	C:\Windows\system32\USER32.dll
0x000007fefd5a0000 - 0x000007fefd607000 	C:\Windows\system32\GDI32.dll
0x000007fefd710000 - 0x000007fefd71e000 	C:\Windows\system32\LPK.dll
0x000007fefef10000 - 0x000007fefefd9000 	C:\Windows\system32\USP10.dll
0x000007fefb4a0000 - 0x000007fefb694000 	C:\Windows\WinSxS\amd64_microsoft.windows.common-controls_6595b64144ccf1df_6.0.7601.18837_none_fa3b1e3d17594757\COMCTL32.dll
0x000007fefd770000 - 0x000007fefd7e1000 	C:\Windows\system32\SHLWAPI.dll
0x000007fefd7f0000 - 0x000007fefd81e000 	C:\Windows\system32\IMM32.DLL
0x000007fefeb90000 - 0x000007fefec99000 	C:\Windows\system32\MSCTF.dll
0x0000000073e20000 - 0x0000000073ef2000 	C:\Program Files\Java\jdk1.8.0_45\jre\bin\msvcr100.dll
0x00000000670c0000 - 0x0000000067943000 	C:\Program Files\Java\jdk1.8.0_45\jre\bin\server\jvm.dll
0x000007feef100000 - 0x000007feef109000 	C:\Windows\system32\WSOCK32.dll
0x000007fefd720000 - 0x000007fefd76d000 	C:\Windows\system32\WS2_32.dll
0x000007feff350000 - 0x000007feff358000 	C:\Windows\system32\NSI.dll
0x000007fef8870000 - 0x000007fef88ab000 	C:\Windows\system32\WINMM.dll
0x000007fefbf60000 - 0x000007fefbf6c000 	C:\Windows\system32\VERSION.dll
0x0000000077290000 - 0x0000000077297000 	C:\Windows\system32\PSAPI.DLL
0x0000000074140000 - 0x000000007414f000 	C:\Program Files\Java\jdk1.8.0_45\jre\bin\verify.dll
0x0000000074040000 - 0x0000000074069000 	C:\Program Files\Java\jdk1.8.0_45\jre\bin\java.dll
0x0000000073f40000 - 0x0000000073f75000 	C:\Program Files\Java\jdk1.8.0_45\jre\bin\jdwp.dll
0x0000000073fd0000 - 0x0000000073fd8000 	C:\Program Files\Java\jdk1.8.0_45\jre\bin\npt.dll
0x0000000074020000 - 0x0000000074036000 	C:\Program Files\Java\jdk1.8.0_45\jre\bin\zip.dll
0x000007fefde00000 - 0x000007fefeb89000 	C:\Windows\system32\SHELL32.dll
0x000007fefefe0000 - 0x000007feff1e3000 	C:\Windows\system32\ole32.dll
0x000007fefce80000 - 0x000007fefce8f000 	C:\Windows\system32\profapi.dll
0x0000000073fc0000 - 0x0000000073fc9000 	C:\Program Files\Java\jdk1.8.0_45\jre\bin\dt_socket.dll
0x000007fefb180000 - 0x000007fefb195000 	C:\Windows\system32\NLAapi.dll
0x000007feee410000 - 0x000007feee425000 	C:\Windows\system32\napinsp.dll
0x000007feee3f0000 - 0x000007feee409000 	C:\Windows\system32\pnrpnsp.dll
0x000007fefc610000 - 0x000007fefc665000 	C:\Windows\System32\mswsock.dll
0x000007fefc490000 - 0x000007fefc4eb000 	C:\Windows\system32\DNSAPI.dll
0x000007feee3e0000 - 0x000007feee3eb000 	C:\Windows\System32\winrnr.dll
0x0000000072930000 - 0x0000000072956000 	C:\Program Files\Bonjour\mdnsNSP.dll
0x000007fefaf50000 - 0x000007fefaf77000 	C:\Windows\system32\Iphlpapi.DLL
0x000007fefaf40000 - 0x000007fefaf4b000 	C:\Windows\system32\WINNSI.DLL
0x000007fefac20000 - 0x000007fefac73000 	C:\Windows\System32\fwpuclnt.dll
0x000007fef9e60000 - 0x000007fef9e68000 	C:\Windows\system32\rasadhlp.dll
0x000007fefc030000 - 0x000007fefc037000 	C:\Windows\System32\wshtcpip.dll
0x0000000074000000 - 0x000000007401a000 	C:\Program Files\Java\jdk1.8.0_45\jre\bin\net.dll
0x000007fefc600000 - 0x000007fefc607000 	C:\Windows\System32\wship6.dll
0x0000000073fe0000 - 0x0000000073ff1000 	C:\Program Files\Java\jdk1.8.0_45\jre\bin\nio.dll
0x000007fef8b00000 - 0x000007fef8c25000 	C:\Windows\system32\dbghelp.dll

VM Arguments:
jvm_args: -agentlib:jdwp=transport=dt_socket,suspend=y,address=localhost:52187 -Dfile.encoding=Cp1252 
java_command: org.eclipse.jdt.internal.junit.runner.RemoteTestRunner -version 3 -port 52186 -testLoaderClass org.eclipse.jdt.internal.junit4.runner.JUnit4TestLoader -loaderpluginname org.eclipse.jdt.junit4.runtime -classNames ExerciciosTest
java_class_path (initial): C:\Users\unicesumar\workspace-aptana\ExerciciosJeremiasLima\bin;C:\tools\aptana\eclipse\plugins\org.junit_4.11.0.v201303080030\junit.jar;C:\tools\aptana\eclipse\plugins\org.hamcrest.core_1.3.0.v201303031735.jar;/C:/tools/aptana/eclipse/configuration/org.eclipse.osgi/362/0/.cp/;/C:/tools/aptana/eclipse/configuration/org.eclipse.osgi/361/0/.cp/
Launcher Type: SUN_STANDARD

Environment Variables:
JAVA_HOME=C:\Program Files\Java\jdk1.8.0_45
PATH=C:\Program Files\Java\jdk1.8.0_45\jre\bin;C:/Program Files/Java/jdk1.8.0_45/bin/../jre/bin/server;C:/Program Files/Java/jdk1.8.0_45/bin/../jre/bin;C:/Program Files/Java/jdk1.8.0_45/bin/../jre/lib/amd64;C:\Program Files (x86)\Microchip\mplabc18\v3.47\mpasm;C:\Program Files (x86)\Microchip\mplabc18\v3.47\bin;C:\Program Files (x86)\NVIDIA Corporation\PhysX\Common;C:\Program Files (x86)\Common Files\Intel\Shared Files\cpp\bin\Intel64;C:\tools\Ruby21\bin;C:\tools\MySQL\mysql-connector-c-6.1\\bin;C:\tools\Android\sdk;C:\MinGW\msys\1.0\bin;C:\MinGW\bin;C:\tools\Python34\;C:\tools\Python34\Scripts;C:\tools\activator-1.3.3;C:\tools\sbt-0.13.8/bin;C:\tools\xampp\php;C:\Program Files\Java\jdk1.8.0_45\bin;C:\tools\apache-maven-3.3.3\bin;C:\tools\grails-2.4.5\bin;C:\ProgramData\Oracle\Java\javapath;C:\Windows\system32;C:\Windows;C:\Windows\System32\Wbem;C:\Windows\System32\WindowsPowerShell\v1.0\;C:\Program Files (x86)\Microsoft SDKs\TypeScript\1.0\;c:\Program Files (x86)\Microsoft SQL Server\110\Tools\Binn\;c:\Program Files (x86)\Microsoft SQL Server\110\DTS\Binn\;c:\Program Files (x86)\Microsoft SQL Server\110\Tools\Binn\ManagementStudio\;C:\Program Files (x86)\scala\bin;C:\tools\TortoiseGit\bin;C:\tools\Git\cmd;C:\Program Files (x86)\Microchip\MPLAB C32 Suite\bin;C:\Program Files\MATLAB\MATLAB Production Server\R2015a\runtime\win64;C:\Program Files\MATLAB\MATLAB Production Server\R2015a\bin;C:\Program Files\MATLAB\R2012b\runtime\win64;C:\Program Files\MATLAB\R2012b\bin;C:\Program Files\Microsoft SQL Server\120\Tools\Binn\;C:\Program Files\Common Files\Autodesk Shared\;C:\tools\nodejs\;C:\Program Files (x86)\Microchip\mplabc18\v3.47\mpasm;C:\Program Files (x86)\Microchip\mplabc18\v3.47\bin;C:\tools\Ruby21\bin;C:\Users\unicesumar\AppData\Local\atom\bin;C:\Users\unicesumar\AppData\Roaming\npm;C:\tools\aptana\eclipse;
USERNAME=UniCesumar
OS=Windows_NT
PROCESSOR_IDENTIFIER=Intel64 Family 6 Model 42 Stepping 7, GenuineIntel



---------------  S Y S T E M  ---------------

OS: Windows 7 , 64 bit Build 7601 (6.1.7601.19045)

CPU:total 4 (4 cores per cpu, 1 threads per core) family 6 model 42 stepping 7, cmov, cx8, fxsr, mmx, sse, sse2, sse3, ssse3, sse4.1, sse4.2, popcnt, avx, aes, clmul, tsc, tscinvbit

Memory: 4k page, physical 4109624k(712036k free), swap 10763788k(5117028k free)

vm_info: Java HotSpot(TM) 64-Bit Server VM (25.45-b02) for windows-amd64 JRE (1.8.0_45-b15), built on Apr 30 2015 12:40:44 by "java_re" with MS VC++ 10.0 (VS2010)

time: Sat Aug 04 15:25:11 2018
elapsed time: 342 seconds (0d 0h 5m 42s)

