#
# A fatal error has been detected by the Java Runtime Environment:
#
#  EXCEPTION_ACCESS_VIOLATION (0xc0000005) at pc=0x0000000077120e91, pid=3056, tid=7048
#
# JRE version: Java(TM) SE Runtime Environment (8.0_45-b15) (build 1.8.0_45-b15)
# Java VM: Java HotSpot(TM) 64-Bit Server VM (25.45-b02 mixed mode windows-amd64 compressed oops)
# Problematic frame:
# C  [ntdll.dll+0x50e91]
#
# Failed to write core dump. Minidumps are not enabled by default on client versions of Windows
#
# If you would like to submit a bug report, please visit:
#   http://bugreport.java.com/bugreport/crash.jsp
#

---------------  T H R E A D  ---------------

Current thread (0x000000005505b800):  JavaThread "JDWP Transport Listener: dt_socket" daemon [_thread_in_vm, id=7048, stack(0x00000000573d0000,0x00000000574d0000)]

siginfo: ExceptionCode=0xc0000005, reading address 0x0000080072eb4358

Registers:
RAX=0x0000000056671c10, RBX=0x0000080072eb4350, RCX=0x000000ffffffffff, RDX=0x0000000000000000
RSP=0x00000000574cf160, RBP=0x00000000567196d0, RSI=0x0000000000000000, RDI=0x0000000000000000
R8 =0x00000000567196c0, R9 =0x000000000000ff00, R10=0x3b676e697274532f, R11=0x00007a9000260010
R12=0x0000000002050000, R13=0x00000000563269f8, R14=0x0000000000000000, R15=0x0000000000000000
RIP=0x0000000077120e91, EFLAGS=0x0000000000010206

Top of Stack: (sp=0x00000000574cf160)
0x00000000574cf160:   0000000000000018 0000000000000007
0x00000000574cf170:   0000000000000018 0000000000000007
0x00000000574cf180:   0000000056326610 0000000073e88d17
0x00000000574cf190:   00000000563266bb 00000000672611fa
0x00000000574cf1a0:   0000000000000000 0000000000000000
0x00000000574cf1b0:   0000000000000000 0000000002059720
0x00000000574cf1c0:   00000000567196d0 00000000574cf340
0x00000000574cf1d0:   000000005505b800 0000000076ed1a7a
0x00000000574cf1e0:   000000005505b800 00000000563269f8
0x00000000574cf1f0:   00000000563269f8 0000000002059720
0x00000000574cf200:   000000005505b800 0000000073e88d94
0x00000000574cf210:   000000005638e6c0 0000000073f22871
0x00000000574cf220:   0000000000000008 0000000000000042
0x00000000574cf230:   000000005505b800 0000000067261229
0x00000000574cf240:   0000000002059720 0000000073f19155
0x00000000574cf250:   000000005505b800 000000005505b800 

Instructions: (pc=0x0000000077120e91)
0x0000000077120e71:   ff ff 00 00 00 49 33 dc 48 23 c1 48 c1 eb 04 48
0x0000000077120e81:   33 d8 48 33 1d 3e d5 0d 00 48 c1 e3 04 0f 0d 0b
0x0000000077120e91:   48 8b 7b 08 49 bd 01 00 00 00 01 00 00 00 49 be
0x0000000077120ea1:   ff 7f 00 00 ff ff ff ff 41 c6 40 0f 80 41 88 70 


Register to memory mapping:

RAX=0x0000000056671c10 is an unknown value
RBX=0x0000080072eb4350 is an unknown value
RCX=0x000000ffffffffff is an unknown value
RDX=0x0000000000000000 is an unknown value
RSP=0x00000000574cf160 is pointing into the stack for thread: 0x000000005505b800
RBP=0x00000000567196d0 is an unknown value
RSI=0x0000000000000000 is an unknown value
RDI=0x0000000000000000 is an unknown value
R8 =0x00000000567196c0 is an unknown value
R9 =0x000000000000ff00 is an unknown value
R10=0x3b676e697274532f is an unknown value
R11=0x00007a9000260010 is an unknown value
R12=0x0000000002050000 is an unknown value
R13=0x00000000563269f8 is an unknown value
R14=0x0000000000000000 is an unknown value
R15=0x0000000000000000 is an unknown value


Stack: [0x00000000573d0000,0x00000000574d0000],  sp=0x00000000574cf160,  free space=1020k
Native frames: (J=compiled Java code, j=interpreted, Vv=VM code, C=native code)
C  [ntdll.dll+0x50e91]
C  [kernel32.dll+0x21a7a]
C  [msvcr100.dll+0x68d94]
V  [jvm.dll+0x1a1229]
V  [jvm.dll+0x32c766]
C  [jdwp.dll+0x2291e]
C  [jdwp.dll+0x5453]
C  [jdwp.dll+0x5571]
C  [jdwp.dll+0xf0a8]
C  [jdwp.dll+0x1f2d5]
C  [jdwp.dll+0x1f4aa]
V  [jvm.dll+0x1bae98]
V  [jvm.dll+0x241984]
V  [jvm.dll+0x29853a]
C  [msvcr100.dll+0x21d9f]
C  [msvcr100.dll+0x21e3b]
C  [kernel32.dll+0x15a4d]
C  [ntdll.dll+0x2b831]


---------------  P R O C E S S  ---------------

Java Threads: ( => current thread )
  0x0000000056448800 JavaThread "ReaderThread" [_thread_in_native, id=4312, stack(0x0000000057f90000,0x0000000058090000)]
  0x00000000563a0000 JavaThread "Service Thread" daemon [_thread_blocked, id=6464, stack(0x0000000057c50000,0x0000000057d50000)]
  0x000000005639a800 JavaThread "C1 CompilerThread2" daemon [_thread_blocked, id=5448, stack(0x0000000057aa0000,0x0000000057ba0000)]
  0x0000000056397800 JavaThread "C2 CompilerThread1" daemon [_thread_blocked, id=6128, stack(0x00000000570c0000,0x00000000571c0000)]
  0x000000005633d000 JavaThread "C2 CompilerThread0" daemon [_thread_blocked, id=4208, stack(0x0000000057860000,0x0000000057960000)]
  0x0000000056330000 JavaThread "JDWP Command Reader" daemon [_thread_in_native, id=6740, stack(0x00000000576e0000,0x00000000577e0000)]
  0x000000005505f000 JavaThread "JDWP Event Helper Thread" daemon [_thread_blocked, id=7540, stack(0x0000000057520000,0x0000000057620000)]
=>0x000000005505b800 JavaThread "JDWP Transport Listener: dt_socket" daemon [_thread_in_vm, id=7048, stack(0x00000000573d0000,0x00000000574d0000)]
  0x0000000055057000 JavaThread "Attach Listener" daemon [_thread_blocked, id=3580, stack(0x0000000056ab0000,0x0000000056bb0000)]
  0x0000000055056000 JavaThread "Signal Dispatcher" daemon [_thread_blocked, id=5040, stack(0x00000000567e0000,0x00000000568e0000)]
  0x0000000054ff9800 JavaThread "Finalizer" daemon [_thread_blocked, id=3760, stack(0x0000000056220000,0x0000000056320000)]
  0x0000000054ff2800 JavaThread "Reference Handler" daemon [_thread_blocked, id=6768, stack(0x0000000055f50000,0x0000000056050000)]
  0x000000000205f000 JavaThread "main" [_thread_blocked, id=4892, stack(0x0000000002400000,0x0000000002500000)]

Other Threads:
  0x0000000054fed000 VMThread [stack: 0x00000000560d0000,0x00000000561d0000] [id=7764]
  0x00000000563a7000 WatcherThread [stack: 0x0000000057d50000,0x0000000057e50000] [id=5108]

VM state:not at safepoint (normal execution)

VM Mutex/Monitor currently owned by a thread: None

Heap:
 PSYoungGen      total 18944K, used 5594K [0x00000000eb180000, 0x00000000ec680000, 0x0000000100000000)
  eden space 16384K, 34% used [0x00000000eb180000,0x00000000eb6f6908,0x00000000ec180000)
  from space 2560K, 0% used [0x00000000ec400000,0x00000000ec400000,0x00000000ec680000)
  to   space 2560K, 0% used [0x00000000ec180000,0x00000000ec180000,0x00000000ec400000)
 ParOldGen       total 44032K, used 0K [0x00000000c1400000, 0x00000000c3f00000, 0x00000000eb180000)
  object space 44032K, 0% used [0x00000000c1400000,0x00000000c1400000,0x00000000c3f00000)
 Metaspace       used 6296K, capacity 6416K, committed 6656K, reserved 1056768K
  class space    used 714K, capacity 756K, committed 768K, reserved 1048576K

Card table byte_map: [0x0000000011b90000,0x0000000011d90000] byte_map_base: 0x0000000011586000

Marking Bits: (ParMarkBitMap*) 0x00000000678c4040
 Begin Bits: [0x0000000012500000, 0x00000000134b0000)
 End Bits:   [0x00000000134b0000, 0x0000000014460000)

Polling page: 0x0000000000420000

CodeCache: size=245760Kb used=1834Kb max_used=1834Kb free=243925Kb
 bounds [0x00000000027d0000, 0x0000000002a40000, 0x00000000117d0000]
 total_blobs=619 nmethods=306 adapters=234
 compilation: enabled

Compilation events (10 events):
Event: 2.129 Thread 0x000000005639a800  300   !   3       java.util.zip.Inflater::inflate (113 bytes)
Event: 2.129 Thread 0x000000005639a800 nmethod 300 0x0000000002996410 code [0x00000000029965e0, 0x0000000002996c98]
Event: 2.130 Thread 0x000000005639a800  302  s    3       java.lang.StringBuffer::toString (36 bytes)
Event: 2.130 Thread 0x000000005639a800 nmethod 302 0x00000000029958d0 code [0x0000000002995a60, 0x0000000002995ee8]
Event: 2.134 Thread 0x000000005633d000  303       4       java.util.concurrent.ConcurrentHashMap::setTabAt (19 bytes)
Event: 2.134 Thread 0x000000005633d000 nmethod 303 0x0000000002999090 code [0x00000000029991c0, 0x0000000002999238]
Event: 2.136 Thread 0x000000005639a800  305       3       java.util.regex.Pattern::has (15 bytes)
Event: 2.136 Thread 0x000000005639a800 nmethod 305 0x0000000002995190 code [0x00000000029952e0, 0x0000000002995490]
Event: 2.146 Thread 0x000000005639a800  306  s    3       java.util.Vector::elementAt (48 bytes)
Event: 2.146 Thread 0x000000005639a800 nmethod 306 0x000000000299a110 code [0x000000000299a320, 0x000000000299ae88]

GC Heap History (0 events):
No events

Deoptimization events (1 events):
Event: 1.788 Thread 0x000000000205f000 Uncommon trap: reason=unstable_if action=reinterpret pc=0x00000000029271bc method=java.lang.String.startsWith(Ljava/lang/String;I)Z @ 25

Internal exceptions (6 events):
Event: 0.108 Thread 0x000000000205f000 Exception <a 'java/lang/NoSuchMethodError': Method sun.misc.Unsafe.defineClass(Ljava/lang/String;[BII)Ljava/lang/Class; name or signature does not match> (0x00000000eb18de98) thrown at [C:\re\workspace\8-2-build-windows-amd64-cygwin\jdk8u45\3627\hotspot\sre±­:·»?
Event: 0.108 Thread 0x000000000205f000 Exception <a 'java/lang/NoSuchMethodError': Method sun.misc.Unsafe.prefetchRead(Ljava/lang/Object;J)V name or signature does not match> (0x00000000eb18e128) thrown at [C:\re\workspace\8-2-build-windows-amd64-cygwin\jdk8u45\3627\hotspot\src\share\vm\prims\j“Q'O(ö?
Event: 1.385 Thread 0x000000000205f000 Exception <a 'java/security/PrivilegedActionException'> (0x00000000eb4179a8) thrown at [C:\re\workspace\8-2-build-windows-amd64-cygwin\jdk8u45\3627\hotspot\src\share\vm\prims\jvm.cpp, line 1382]
Event: 1.385 Thread 0x000000000205f000 Exception <a 'java/security/PrivilegedActionException'> (0x00000000eb417cf0) thrown at [C:\re\workspace\8-2-build-windows-amd64-cygwin\jdk8u45\3627\hotspot\src\share\vm\prims\jvm.cpp, line 1382]
Event: 1.387 Thread 0x000000000205f000 Exception <a 'java/security/PrivilegedActionException'> (0x00000000eb41bda8) thrown at [C:\re\workspace\8-2-build-windows-amd64-cygwin\jdk8u45\3627\hotspot\src\share\vm\prims\jvm.cpp, line 1382]
Event: 1.387 Thread 0x000000000205f000 Exception <a 'java/security/PrivilegedActionException'> (0x00000000eb41c0f0) thrown at [C:\re\workspace\8-2-build-windows-amd64-cygwin\jdk8u45\3627\hotspot\src\share\vm\prims\jvm.cpp, line 1382]

Events (10 events):
Event: 22.443 Executing VM operation: GetCurrentLocation
Event: 22.443 Executing VM operation: GetCurrentLocation done
Event: 22.443 Executing VM operation: EnterInterpOnlyMode
Event: 22.443 Executing VM operation: EnterInterpOnlyMode done
Event: 22.443 Executing VM operation: ChangeSingleStep
Event: 22.443 Executing VM operation: ChangeSingleStep done
Event: 22.443 Executing VM operation: ChangeSingleStep
Event: 22.443 Executing VM operation: ChangeSingleStep done
Event: 22.464 Executing VM operation: RedefineClasses
Event: 22.465 Executing VM operation: RedefineClasses done


Dynamic libraries:
0x000000013f140000 - 0x000000013f177000 	C:\Program Files\Java\jdk1.8.0_45\bin\javaw.exe
0x00000000770d0000 - 0x0000000077279000 	C:\Windows\SYSTEM32\ntdll.dll
0x0000000076eb0000 - 0x0000000076fd0000 	C:\Windows\system32\kernel32.dll
0x000007fefd1c0000 - 0x000007fefd22c000 	C:\Windows\system32\KERNELBASE.dll
0x000007fefd630000 - 0x000007fefd70b000 	C:\Windows\system32\ADVAPI32.dll
0x000007fefd230000 - 0x000007fefd2cf000 	C:\Windows\system32\msvcrt.dll
0x000007fefd610000 - 0x000007fefd62f000 	C:\Windows\SYSTEM32\sechost.dll
0x000007fefda00000 - 0x000007fefdb2d000 	C:\Windows\system32\RPCRT4.dll
0x0000000076fd0000 - 0x00000000770ca000 	C:\Windows\system32\USER32.dll
0x000007fefd5a0000 - 0x000007fefd607000 	C:\Windows\system32\GDI32.dll
0x000007fefd710000 - 0x000007fefd71e000 	C:\Windows\system32\LPK.dll
0x000007fefef10000 - 0x000007fefefd9000 	C:\Windows\system32\USP10.dll
0x000007fefb4a0000 - 0x000007fefb694000 	C:\Windows\WinSxS\amd64_microsoft.windows.common-controls_6595b64144ccf1df_6.0.7601.18837_none_fa3b1e3d17594757\COMCTL32.dll
0x000007fefd770000 - 0x000007fefd7e1000 	C:\Windows\system32\SHLWAPI.dll
0x000007fefd7f0000 - 0x000007fefd81e000 	C:\Windows\system32\IMM32.DLL
0x000007fefeb90000 - 0x000007fefec99000 	C:\Windows\system32\MSCTF.dll
0x0000000073e20000 - 0x0000000073ef2000 	C:\Program Files\Java\jdk1.8.0_45\jre\bin\msvcr100.dll
0x00000000670c0000 - 0x0000000067943000 	C:\Program Files\Java\jdk1.8.0_45\jre\bin\server\jvm.dll
0x000007feef100000 - 0x000007feef109000 	C:\Windows\system32\WSOCK32.dll
0x000007fefd720000 - 0x000007fefd76d000 	C:\Windows\system32\WS2_32.dll
0x000007feff350000 - 0x000007feff358000 	C:\Windows\system32\NSI.dll
0x000007fef8870000 - 0x000007fef88ab000 	C:\Windows\system32\WINMM.dll
0x000007fefbf60000 - 0x000007fefbf6c000 	C:\Windows\system32\VERSION.dll
0x0000000077290000 - 0x0000000077297000 	C:\Windows\system32\PSAPI.DLL
0x0000000074140000 - 0x000000007414f000 	C:\Program Files\Java\jdk1.8.0_45\jre\bin\verify.dll
0x0000000074040000 - 0x0000000074069000 	C:\Program Files\Java\jdk1.8.0_45\jre\bin\java.dll
0x0000000073f00000 - 0x0000000073f35000 	C:\Program Files\Java\jdk1.8.0_45\jre\bin\jdwp.dll
0x0000000073fc0000 - 0x0000000073fc8000 	C:\Program Files\Java\jdk1.8.0_45\jre\bin\npt.dll
0x0000000074020000 - 0x0000000074036000 	C:\Program Files\Java\jdk1.8.0_45\jre\bin\zip.dll
0x000007fefde00000 - 0x000007fefeb89000 	C:\Windows\system32\SHELL32.dll
0x000007fefefe0000 - 0x000007feff1e3000 	C:\Windows\system32\ole32.dll
0x000007fefce80000 - 0x000007fefce8f000 	C:\Windows\system32\profapi.dll
0x0000000073fd0000 - 0x0000000073fd9000 	C:\Program Files\Java\jdk1.8.0_45\jre\bin\dt_socket.dll
0x000007fefb180000 - 0x000007fefb195000 	C:\Windows\system32\NLAapi.dll
0x000007feee410000 - 0x000007feee425000 	C:\Windows\system32\napinsp.dll
0x000007feee3f0000 - 0x000007feee409000 	C:\Windows\system32\pnrpnsp.dll
0x000007fefc610000 - 0x000007fefc665000 	C:\Windows\System32\mswsock.dll
0x000007fefc490000 - 0x000007fefc4eb000 	C:\Windows\system32\DNSAPI.dll
0x000007feee3e0000 - 0x000007feee3eb000 	C:\Windows\System32\winrnr.dll
0x0000000072930000 - 0x0000000072956000 	C:\Program Files\Bonjour\mdnsNSP.dll
0x000007fefaf50000 - 0x000007fefaf77000 	C:\Windows\system32\Iphlpapi.DLL
0x000007fefaf40000 - 0x000007fefaf4b000 	C:\Windows\system32\WINNSI.DLL
0x000007fefac20000 - 0x000007fefac73000 	C:\Windows\System32\fwpuclnt.dll
0x000007fef9e60000 - 0x000007fef9e68000 	C:\Windows\system32\rasadhlp.dll
0x000007fefc030000 - 0x000007fefc037000 	C:\Windows\System32\wshtcpip.dll
0x0000000074000000 - 0x000000007401a000 	C:\Program Files\Java\jdk1.8.0_45\jre\bin\net.dll
0x000007fefc600000 - 0x000007fefc607000 	C:\Windows\System32\wship6.dll
0x0000000073fe0000 - 0x0000000073ff1000 	C:\Program Files\Java\jdk1.8.0_45\jre\bin\nio.dll
0x000007fef8b00000 - 0x000007fef8c25000 	C:\Windows\system32\dbghelp.dll

VM Arguments:
jvm_args: -agentlib:jdwp=transport=dt_socket,suspend=y,address=localhost:56976 -Dfile.encoding=Cp1252 
java_command: org.eclipse.jdt.internal.junit.runner.RemoteTestRunner -version 3 -port 56975 -testLoaderClass org.eclipse.jdt.internal.junit4.runner.JUnit4TestLoader -loaderpluginname org.eclipse.jdt.junit4.runtime -test ExerciciosTest:exercicioQuatroTest
java_class_path (initial): C:\Users\unicesumar\workspace-aptana\ExerciciosJeremiasLima\bin;C:\tools\aptana\eclipse\plugins\org.junit_4.11.0.v201303080030\junit.jar;C:\tools\aptana\eclipse\plugins\org.hamcrest.core_1.3.0.v201303031735.jar;/C:/tools/aptana/eclipse/configuration/org.eclipse.osgi/362/0/.cp/;/C:/tools/aptana/eclipse/configuration/org.eclipse.osgi/361/0/.cp/
Launcher Type: SUN_STANDARD

Environment Variables:
JAVA_HOME=C:\Program Files\Java\jdk1.8.0_45
PATH=C:\Program Files\Java\jdk1.8.0_45\jre\bin;C:/Program Files/Java/jdk1.8.0_45/bin/../jre/bin/server;C:/Program Files/Java/jdk1.8.0_45/bin/../jre/bin;C:/Program Files/Java/jdk1.8.0_45/bin/../jre/lib/amd64;C:\Program Files (x86)\Microchip\mplabc18\v3.47\mpasm;C:\Program Files (x86)\Microchip\mplabc18\v3.47\bin;C:\Program Files (x86)\NVIDIA Corporation\PhysX\Common;C:\Program Files (x86)\Common Files\Intel\Shared Files\cpp\bin\Intel64;C:\tools\Ruby21\bin;C:\tools\MySQL\mysql-connector-c-6.1\\bin;C:\tools\Android\sdk;C:\MinGW\msys\1.0\bin;C:\MinGW\bin;C:\tools\Python34\;C:\tools\Python34\Scripts;C:\tools\activator-1.3.3;C:\tools\sbt-0.13.8/bin;C:\tools\xampp\php;C:\Program Files\Java\jdk1.8.0_45\bin;C:\tools\apache-maven-3.3.3\bin;C:\tools\grails-2.4.5\bin;C:\ProgramData\Oracle\Java\javapath;C:\Windows\system32;C:\Windows;C:\Windows\System32\Wbem;C:\Windows\System32\WindowsPowerShell\v1.0\;C:\Program Files (x86)\Microsoft SDKs\TypeScript\1.0\;c:\Program Files (x86)\Microsoft SQL Server\110\Tools\Binn\;c:\Program Files (x86)\Microsoft SQL Server\110\DTS\Binn\;c:\Program Files (x86)\Microsoft SQL Server\110\Tools\Binn\ManagementStudio\;C:\Program Files (x86)\scala\bin;C:\tools\TortoiseGit\bin;C:\tools\Git\cmd;C:\Program Files (x86)\Microchip\MPLAB C32 Suite\bin;C:\Program Files\MATLAB\MATLAB Production Server\R2015a\runtime\win64;C:\Program Files\MATLAB\MATLAB Production Server\R2015a\bin;C:\Program Files\MATLAB\R2012b\runtime\win64;C:\Program Files\MATLAB\R2012b\bin;C:\Program Files\Microsoft SQL Server\120\Tools\Binn\;C:\Program Files\Common Files\Autodesk Shared\;C:\tools\nodejs\;C:\Program Files (x86)\Microchip\mplabc18\v3.47\mpasm;C:\Program Files (x86)\Microchip\mplabc18\v3.47\bin;C:\tools\Ruby21\bin;C:\Users\unicesumar\AppData\Local\atom\bin;C:\Users\unicesumar\AppData\Roaming\npm;C:\tools\aptana\eclipse;
USERNAME=UniCesumar
OS=Windows_NT
PROCESSOR_IDENTIFIER=Intel64 Family 6 Model 42 Stepping 7, GenuineIntel



---------------  S Y S T E M  ---------------

OS: Windows 7 , 64 bit Build 7601 (6.1.7601.19045)

CPU:total 4 (4 cores per cpu, 1 threads per core) family 6 model 42 stepping 7, cmov, cx8, fxsr, mmx, sse, sse2, sse3, ssse3, sse4.1, sse4.2, popcnt, avx, aes, clmul, tsc, tscinvbit

Memory: 4k page, physical 4109624k(559524k free), swap 10763788k(5366200k free)

vm_info: Java HotSpot(TM) 64-Bit Server VM (25.45-b02) for windows-amd64 JRE (1.8.0_45-b15), built on Apr 30 2015 12:40:44 by "java_re" with MS VC++ 10.0 (VS2010)

time: Sat Aug 04 16:21:51 2018
elapsed time: 22 seconds (0d 0h 0m 22s)

