#
# A fatal error has been detected by the Java Runtime Environment:
#
#  EXCEPTION_ACCESS_VIOLATION (0xc0000005) at pc=0x0000000077120e91, pid=4600, tid=4456
#
# JRE version: Java(TM) SE Runtime Environment (8.0_45-b15) (build 1.8.0_45-b15)
# Java VM: Java HotSpot(TM) 64-Bit Server VM (25.45-b02 mixed mode windows-amd64 compressed oops)
# Problematic frame:
# C  [ntdll.dll+0x50e91]
#
# Failed to write core dump. Minidumps are not enabled by default on client versions of Windows
#
# If you would like to submit a bug report, please visit:
#   http://bugreport.java.com/bugreport/crash.jsp
#

---------------  T H R E A D  ---------------

Current thread (0x00000000563c8000):  JavaThread "JDWP Transport Listener: dt_socket" daemon [_thread_in_vm, id=4456, stack(0x0000000056be0000,0x0000000056ce0000)]

siginfo: ExceptionCode=0xc0000005, reading address 0x0000031601aba9e8

Registers:
RAX=0x000000005670a960, RBX=0x0000031601aba9e0, RCX=0x000000ffffffffff, RDX=0x0000000000000000
RSP=0x0000000056cdf3f0, RBP=0x000000005670da80, RSI=0x0000000000000000, RDI=0x0000000000000000
R8 =0x000000005670da70, R9 =0x000000000000ff00, R10=0x3b676e697274532f, R11=0x00001042003400c5
R12=0x0000000002250000, R13=0x000000005501b898, R14=0x0000000000000000, R15=0x0000000000000000
RIP=0x0000000077120e91, EFLAGS=0x0000000000010202

Top of Stack: (sp=0x0000000056cdf3f0)
0x0000000056cdf3f0:   0000000000000018 0000000000000007
0x0000000056cdf400:   0000000000000018 0000000000000007
0x0000000056cdf410:   000000005501b4b0 0000000073e88d17
0x0000000056cdf420:   000000005501b55b 00000000672611fa
0x0000000056cdf430:   0000000000000000 0000000000000000
0x0000000056cdf440:   0000000000000000 0000000002259720
0x0000000056cdf450:   000000005670da80 0000000056cdf5d0
0x0000000056cdf460:   00000000563c8000 0000000076ed1a7a
0x0000000056cdf470:   00000000563c8000 000000005501b898
0x0000000056cdf480:   000000005501b898 0000000002259720
0x0000000056cdf490:   00000000563c8000 0000000073e88d94
0x0000000056cdf4a0:   0000000056459d10 0000000073f22871
0x0000000056cdf4b0:   0000000000000008 0000000000000042
0x0000000056cdf4c0:   00000000563c8000 0000000067261229
0x0000000056cdf4d0:   0000000002259720 0000000073f19155
0x0000000056cdf4e0:   00000000563c8000 00000000563c8000 

Instructions: (pc=0x0000000077120e91)
0x0000000077120e71:   ff ff 00 00 00 49 33 dc 48 23 c1 48 c1 eb 04 48
0x0000000077120e81:   33 d8 48 33 1d 3e d5 0d 00 48 c1 e3 04 0f 0d 0b
0x0000000077120e91:   48 8b 7b 08 49 bd 01 00 00 00 01 00 00 00 49 be
0x0000000077120ea1:   ff 7f 00 00 ff ff ff ff 41 c6 40 0f 80 41 88 70 


Register to memory mapping:

RAX=0x000000005670a960 is an unknown value
RBX=0x0000031601aba9e0 is an unknown value
RCX=0x000000ffffffffff is an unknown value
RDX=0x0000000000000000 is an unknown value
RSP=0x0000000056cdf3f0 is pointing into the stack for thread: 0x00000000563c8000
RBP=0x000000005670da80 is an unknown value
RSI=0x0000000000000000 is an unknown value
RDI=0x0000000000000000 is an unknown value
R8 =0x000000005670da70 is an unknown value
R9 =0x000000000000ff00 is an unknown value
R10=0x3b676e697274532f is an unknown value
R11=0x00001042003400c5 is an unknown value
R12=0x0000000002250000 is an unknown value
R13=0x000000005501b898 is an unknown value
R14=0x0000000000000000 is an unknown value
R15=0x0000000000000000 is an unknown value


Stack: [0x0000000056be0000,0x0000000056ce0000],  sp=0x0000000056cdf3f0,  free space=1020k
Native frames: (J=compiled Java code, j=interpreted, Vv=VM code, C=native code)
C  [ntdll.dll+0x50e91]
C  [kernel32.dll+0x21a7a]
C  [msvcr100.dll+0x68d94]
V  [jvm.dll+0x1a1229]
V  [jvm.dll+0x32c766]
C  [jdwp.dll+0x2291e]
C  [jdwp.dll+0x5453]
C  [jdwp.dll+0x5571]
C  [jdwp.dll+0xf0a8]
C  [jdwp.dll+0x1f2d5]
C  [jdwp.dll+0x1f4aa]
V  [jvm.dll+0x1bae98]
V  [jvm.dll+0x241984]
V  [jvm.dll+0x29853a]
C  [msvcr100.dll+0x21d9f]
C  [msvcr100.dll+0x21e3b]
C  [kernel32.dll+0x15a4d]
C  [ntdll.dll+0x2b831]


---------------  P R O C E S S  ---------------

Java Threads: ( => current thread )
  0x00000000564e5000 JavaThread "ReaderThread" [_thread_in_native, id=6068, stack(0x0000000057a80000,0x0000000057b80000)]
  0x0000000056445000 JavaThread "Service Thread" daemon [_thread_blocked, id=6280, stack(0x0000000057760000,0x0000000057860000)]
  0x000000005643b800 JavaThread "C1 CompilerThread2" daemon [_thread_blocked, id=5780, stack(0x0000000057630000,0x0000000057730000)]
  0x0000000056438000 JavaThread "C2 CompilerThread1" daemon [_thread_blocked, id=5292, stack(0x00000000574d0000,0x00000000575d0000)]
  0x00000000563dd000 JavaThread "C2 CompilerThread0" daemon [_thread_blocked, id=6932, stack(0x00000000571e0000,0x00000000572e0000)]
  0x00000000563cf800 JavaThread "JDWP Command Reader" daemon [_thread_in_native, id=6632, stack(0x00000000570a0000,0x00000000571a0000)]
  0x000000005501f000 JavaThread "JDWP Event Helper Thread" daemon [_thread_blocked, id=7920, stack(0x0000000056f00000,0x0000000057000000)]
=>0x00000000563c8000 JavaThread "JDWP Transport Listener: dt_socket" daemon [_thread_in_vm, id=4456, stack(0x0000000056be0000,0x0000000056ce0000)]
  0x00000000563c0800 JavaThread "Attach Listener" daemon [_thread_blocked, id=7172, stack(0x00000000567c0000,0x00000000568c0000)]
  0x0000000055016000 JavaThread "Signal Dispatcher" daemon [_thread_blocked, id=6264, stack(0x0000000055f30000,0x0000000056030000)]
  0x0000000054fb9800 JavaThread "Finalizer" daemon [_thread_blocked, id=528, stack(0x00000000562c0000,0x00000000563c0000)]
  0x0000000054fb2800 JavaThread "Reference Handler" daemon [_thread_blocked, id=4976, stack(0x0000000056050000,0x0000000056150000)]
  0x000000000225f000 JavaThread "main" [_thread_blocked, id=4344, stack(0x0000000002570000,0x0000000002670000)]

Other Threads:
  0x0000000054fad000 VMThread [stack: 0x0000000002470000,0x0000000002570000] [id=2024]
  0x0000000056448000 WatcherThread [stack: 0x0000000057890000,0x0000000057990000] [id=5028]

VM state:not at safepoint (normal execution)

VM Mutex/Monitor currently owned by a thread: None

Heap:
 PSYoungGen      total 18944K, used 5266K [0x00000000eb180000, 0x00000000ec680000, 0x0000000100000000)
  eden space 16384K, 32% used [0x00000000eb180000,0x00000000eb6a4a38,0x00000000ec180000)
  from space 2560K, 0% used [0x00000000ec400000,0x00000000ec400000,0x00000000ec680000)
  to   space 2560K, 0% used [0x00000000ec180000,0x00000000ec180000,0x00000000ec400000)
 ParOldGen       total 44032K, used 0K [0x00000000c1400000, 0x00000000c3f00000, 0x00000000eb180000)
  object space 44032K, 0% used [0x00000000c1400000,0x00000000c1400000,0x00000000c3f00000)
 Metaspace       used 6329K, capacity 6480K, committed 6656K, reserved 1056768K
  class space    used 715K, capacity 756K, committed 768K, reserved 1048576K

Card table byte_map: [0x0000000011d00000,0x0000000011f00000] byte_map_base: 0x00000000116f6000

Marking Bits: (ParMarkBitMap*) 0x00000000678c4040
 Begin Bits: [0x00000000124c0000, 0x0000000013470000)
 End Bits:   [0x0000000013470000, 0x0000000014420000)

Polling page: 0x0000000000420000

CodeCache: size=245760Kb used=1816Kb max_used=1816Kb free=243943Kb
 bounds [0x0000000002940000, 0x0000000002bb0000, 0x0000000011940000]
 total_blobs=622 nmethods=309 adapters=234
 compilation: enabled

Compilation events (10 events):
Event: 1.676 Thread 0x000000005643b800  303   !   3       java.util.zip.Inflater::inflate (113 bytes)
Event: 1.679 Thread 0x000000005643b800 nmethod 303 0x0000000002b01e90 code [0x0000000002b02060, 0x0000000002b02718]
Event: 1.680 Thread 0x000000005643b800  305  s    3       java.lang.StringBuffer::toString (36 bytes)
Event: 1.681 Thread 0x000000005643b800 nmethod 305 0x0000000002b01350 code [0x0000000002b014e0, 0x0000000002b01968]
Event: 1.717 Thread 0x00000000563dd000  306       4       java.util.concurrent.ConcurrentHashMap::setTabAt (19 bytes)
Event: 1.718 Thread 0x00000000563dd000 nmethod 306 0x0000000002aeb1d0 code [0x0000000002aeb300, 0x0000000002aeb378]
Event: 1.726 Thread 0x000000005643b800  308       3       java.util.regex.Pattern::has (15 bytes)
Event: 1.726 Thread 0x000000005643b800 nmethod 308 0x0000000002b00c10 code [0x0000000002b00d60, 0x0000000002b00f10]
Event: 1.830 Thread 0x000000005643b800  309  s    3       java.util.Vector::elementAt (48 bytes)
Event: 1.831 Thread 0x000000005643b800 nmethod 309 0x0000000002b04b10 code [0x0000000002b04d20, 0x0000000002b05888]

GC Heap History (0 events):
No events

Deoptimization events (1 events):
Event: 1.431 Thread 0x000000000225f000 Uncommon trap: reason=unstable_if action=reinterpret pc=0x0000000002a96d3c method=java.lang.String.startsWith(Ljava/lang/String;I)Z @ 25

Internal exceptions (6 events):
Event: 0.067 Thread 0x000000000225f000 Exception <a 'java/lang/NoSuchMethodError': Method sun.misc.Unsafe.defineClass(Ljava/lang/String;[BII)Ljava/lang/Class; name or signature does not match> (0x00000000eb18e220) thrown at [C:\re\workspace\8-2-build-windows-amd64-cygwin\jdk8u45\3627\hotspot\srR†÷ŒÐ7±?
Event: 0.067 Thread 0x000000000225f000 Exception <a 'java/lang/NoSuchMethodError': Method sun.misc.Unsafe.prefetchRead(Ljava/lang/Object;J)V name or signature does not match> (0x00000000eb18e4b0) thrown at [C:\re\workspace\8-2-build-windows-amd64-cygwin\jdk8u45\3627\hotspot\src\share\vm\prims\j{do
Event: 1.131 Thread 0x000000000225f000 Exception <a 'java/security/PrivilegedActionException'> (0x00000000eb3c5ad8) thrown at [C:\re\workspace\8-2-build-windows-amd64-cygwin\jdk8u45\3627\hotspot\src\share\vm\prims\jvm.cpp, line 1382]
Event: 1.131 Thread 0x000000000225f000 Exception <a 'java/security/PrivilegedActionException'> (0x00000000eb3c5e20) thrown at [C:\re\workspace\8-2-build-windows-amd64-cygwin\jdk8u45\3627\hotspot\src\share\vm\prims\jvm.cpp, line 1382]
Event: 1.135 Thread 0x000000000225f000 Exception <a 'java/security/PrivilegedActionException'> (0x00000000eb3c9ed8) thrown at [C:\re\workspace\8-2-build-windows-amd64-cygwin\jdk8u45\3627\hotspot\src\share\vm\prims\jvm.cpp, line 1382]
Event: 1.135 Thread 0x000000000225f000 Exception <a 'java/security/PrivilegedActionException'> (0x00000000eb3ca220) thrown at [C:\re\workspace\8-2-build-windows-amd64-cygwin\jdk8u45\3627\hotspot\src\share\vm\prims\jvm.cpp, line 1382]

Events (10 events):
Event: 226.454 Executing VM operation: GetCurrentLocation
Event: 226.454 Executing VM operation: GetCurrentLocation done
Event: 226.454 Executing VM operation: EnterInterpOnlyMode
Event: 226.454 Executing VM operation: EnterInterpOnlyMode done
Event: 226.454 Executing VM operation: ChangeSingleStep
Event: 226.454 Executing VM operation: ChangeSingleStep done
Event: 226.454 Executing VM operation: ChangeSingleStep
Event: 226.454 Executing VM operation: ChangeSingleStep done
Event: 226.459 Executing VM operation: RedefineClasses
Event: 226.461 Executing VM operation: RedefineClasses done


Dynamic libraries:
0x000000013f140000 - 0x000000013f177000 	C:\Program Files\Java\jdk1.8.0_45\bin\javaw.exe
0x00000000770d0000 - 0x0000000077279000 	C:\Windows\SYSTEM32\ntdll.dll
0x0000000076eb0000 - 0x0000000076fd0000 	C:\Windows\system32\kernel32.dll
0x000007fefd1c0000 - 0x000007fefd22c000 	C:\Windows\system32\KERNELBASE.dll
0x000007fefd630000 - 0x000007fefd70b000 	C:\Windows\system32\ADVAPI32.dll
0x000007fefd230000 - 0x000007fefd2cf000 	C:\Windows\system32\msvcrt.dll
0x000007fefd610000 - 0x000007fefd62f000 	C:\Windows\SYSTEM32\sechost.dll
0x000007fefda00000 - 0x000007fefdb2d000 	C:\Windows\system32\RPCRT4.dll
0x0000000076fd0000 - 0x00000000770ca000 	C:\Windows\system32\USER32.dll
0x000007fefd5a0000 - 0x000007fefd607000 	C:\Windows\system32\GDI32.dll
0x000007fefd710000 - 0x000007fefd71e000 	C:\Windows\system32\LPK.dll
0x000007fefef10000 - 0x000007fefefd9000 	C:\Windows\system32\USP10.dll
0x000007fefb4a0000 - 0x000007fefb694000 	C:\Windows\WinSxS\amd64_microsoft.windows.common-controls_6595b64144ccf1df_6.0.7601.18837_none_fa3b1e3d17594757\COMCTL32.dll
0x000007fefd770000 - 0x000007fefd7e1000 	C:\Windows\system32\SHLWAPI.dll
0x000007fefd7f0000 - 0x000007fefd81e000 	C:\Windows\system32\IMM32.DLL
0x000007fefeb90000 - 0x000007fefec99000 	C:\Windows\system32\MSCTF.dll
0x0000000073e20000 - 0x0000000073ef2000 	C:\Program Files\Java\jdk1.8.0_45\jre\bin\msvcr100.dll
0x00000000670c0000 - 0x0000000067943000 	C:\Program Files\Java\jdk1.8.0_45\jre\bin\server\jvm.dll
0x000007feef100000 - 0x000007feef109000 	C:\Windows\system32\WSOCK32.dll
0x000007fefd720000 - 0x000007fefd76d000 	C:\Windows\system32\WS2_32.dll
0x000007feff350000 - 0x000007feff358000 	C:\Windows\system32\NSI.dll
0x000007fef8870000 - 0x000007fef88ab000 	C:\Windows\system32\WINMM.dll
0x000007fefbf60000 - 0x000007fefbf6c000 	C:\Windows\system32\VERSION.dll
0x0000000077290000 - 0x0000000077297000 	C:\Windows\system32\PSAPI.DLL
0x0000000074140000 - 0x000000007414f000 	C:\Program Files\Java\jdk1.8.0_45\jre\bin\verify.dll
0x0000000074040000 - 0x0000000074069000 	C:\Program Files\Java\jdk1.8.0_45\jre\bin\java.dll
0x0000000073f00000 - 0x0000000073f35000 	C:\Program Files\Java\jdk1.8.0_45\jre\bin\jdwp.dll
0x0000000073fc0000 - 0x0000000073fc8000 	C:\Program Files\Java\jdk1.8.0_45\jre\bin\npt.dll
0x0000000074020000 - 0x0000000074036000 	C:\Program Files\Java\jdk1.8.0_45\jre\bin\zip.dll
0x000007fefde00000 - 0x000007fefeb89000 	C:\Windows\system32\SHELL32.dll
0x000007fefefe0000 - 0x000007feff1e3000 	C:\Windows\system32\ole32.dll
0x000007fefce80000 - 0x000007fefce8f000 	C:\Windows\system32\profapi.dll
0x0000000073fd0000 - 0x0000000073fd9000 	C:\Program Files\Java\jdk1.8.0_45\jre\bin\dt_socket.dll
0x000007fefb180000 - 0x000007fefb195000 	C:\Windows\system32\NLAapi.dll
0x000007feee410000 - 0x000007feee425000 	C:\Windows\system32\napinsp.dll
0x000007feee3f0000 - 0x000007feee409000 	C:\Windows\system32\pnrpnsp.dll
0x000007fefc610000 - 0x000007fefc665000 	C:\Windows\System32\mswsock.dll
0x000007fefc490000 - 0x000007fefc4eb000 	C:\Windows\system32\DNSAPI.dll
0x000007feee3e0000 - 0x000007feee3eb000 	C:\Windows\System32\winrnr.dll
0x0000000072930000 - 0x0000000072956000 	C:\Program Files\Bonjour\mdnsNSP.dll
0x000007fefaf50000 - 0x000007fefaf77000 	C:\Windows\system32\Iphlpapi.DLL
0x000007fefaf40000 - 0x000007fefaf4b000 	C:\Windows\system32\WINNSI.DLL
0x000007fefac20000 - 0x000007fefac73000 	C:\Windows\System32\fwpuclnt.dll
0x000007fef9e60000 - 0x000007fef9e68000 	C:\Windows\system32\rasadhlp.dll
0x000007fefc030000 - 0x000007fefc037000 	C:\Windows\System32\wshtcpip.dll
0x0000000074000000 - 0x000000007401a000 	C:\Program Files\Java\jdk1.8.0_45\jre\bin\net.dll
0x000007fefc600000 - 0x000007fefc607000 	C:\Windows\System32\wship6.dll
0x0000000073fe0000 - 0x0000000073ff1000 	C:\Program Files\Java\jdk1.8.0_45\jre\bin\nio.dll
0x000007fef8b00000 - 0x000007fef8c25000 	C:\Windows\system32\dbghelp.dll

VM Arguments:
jvm_args: -agentlib:jdwp=transport=dt_socket,suspend=y,address=localhost:56933 -Dfile.encoding=Cp1252 
java_command: org.eclipse.jdt.internal.junit.runner.RemoteTestRunner -version 3 -port 56932 -testLoaderClass org.eclipse.jdt.internal.junit4.runner.JUnit4TestLoader -loaderpluginname org.eclipse.jdt.junit4.runtime -test ExerciciosTest:exercicioQuatroTest
java_class_path (initial): C:\Users\unicesumar\workspace-aptana\ExerciciosJeremiasLima\bin;C:\tools\aptana\eclipse\plugins\org.junit_4.11.0.v201303080030\junit.jar;C:\tools\aptana\eclipse\plugins\org.hamcrest.core_1.3.0.v201303031735.jar;/C:/tools/aptana/eclipse/configuration/org.eclipse.osgi/362/0/.cp/;/C:/tools/aptana/eclipse/configuration/org.eclipse.osgi/361/0/.cp/
Launcher Type: SUN_STANDARD

Environment Variables:
JAVA_HOME=C:\Program Files\Java\jdk1.8.0_45
PATH=C:\Program Files\Java\jdk1.8.0_45\jre\bin;C:/Program Files/Java/jdk1.8.0_45/bin/../jre/bin/server;C:/Program Files/Java/jdk1.8.0_45/bin/../jre/bin;C:/Program Files/Java/jdk1.8.0_45/bin/../jre/lib/amd64;C:\Program Files (x86)\Microchip\mplabc18\v3.47\mpasm;C:\Program Files (x86)\Microchip\mplabc18\v3.47\bin;C:\Program Files (x86)\NVIDIA Corporation\PhysX\Common;C:\Program Files (x86)\Common Files\Intel\Shared Files\cpp\bin\Intel64;C:\tools\Ruby21\bin;C:\tools\MySQL\mysql-connector-c-6.1\\bin;C:\tools\Android\sdk;C:\MinGW\msys\1.0\bin;C:\MinGW\bin;C:\tools\Python34\;C:\tools\Python34\Scripts;C:\tools\activator-1.3.3;C:\tools\sbt-0.13.8/bin;C:\tools\xampp\php;C:\Program Files\Java\jdk1.8.0_45\bin;C:\tools\apache-maven-3.3.3\bin;C:\tools\grails-2.4.5\bin;C:\ProgramData\Oracle\Java\javapath;C:\Windows\system32;C:\Windows;C:\Windows\System32\Wbem;C:\Windows\System32\WindowsPowerShell\v1.0\;C:\Program Files (x86)\Microsoft SDKs\TypeScript\1.0\;c:\Program Files (x86)\Microsoft SQL Server\110\Tools\Binn\;c:\Program Files (x86)\Microsoft SQL Server\110\DTS\Binn\;c:\Program Files (x86)\Microsoft SQL Server\110\Tools\Binn\ManagementStudio\;C:\Program Files (x86)\scala\bin;C:\tools\TortoiseGit\bin;C:\tools\Git\cmd;C:\Program Files (x86)\Microchip\MPLAB C32 Suite\bin;C:\Program Files\MATLAB\MATLAB Production Server\R2015a\runtime\win64;C:\Program Files\MATLAB\MATLAB Production Server\R2015a\bin;C:\Program Files\MATLAB\R2012b\runtime\win64;C:\Program Files\MATLAB\R2012b\bin;C:\Program Files\Microsoft SQL Server\120\Tools\Binn\;C:\Program Files\Common Files\Autodesk Shared\;C:\tools\nodejs\;C:\Program Files (x86)\Microchip\mplabc18\v3.47\mpasm;C:\Program Files (x86)\Microchip\mplabc18\v3.47\bin;C:\tools\Ruby21\bin;C:\Users\unicesumar\AppData\Local\atom\bin;C:\Users\unicesumar\AppData\Roaming\npm;C:\tools\aptana\eclipse;
USERNAME=UniCesumar
OS=Windows_NT
PROCESSOR_IDENTIFIER=Intel64 Family 6 Model 42 Stepping 7, GenuineIntel



---------------  S Y S T E M  ---------------

OS: Windows 7 , 64 bit Build 7601 (6.1.7601.19045)

CPU:total 4 (4 cores per cpu, 1 threads per core) family 6 model 42 stepping 7, cmov, cx8, fxsr, mmx, sse, sse2, sse3, ssse3, sse4.1, sse4.2, popcnt, avx, aes, clmul, tsc, tscinvbit

Memory: 4k page, physical 4109624k(519816k free), swap 10763788k(5082048k free)

vm_info: Java HotSpot(TM) 64-Bit Server VM (25.45-b02) for windows-amd64 JRE (1.8.0_45-b15), built on Apr 30 2015 12:40:44 by "java_re" with MS VC++ 10.0 (VS2010)

time: Sat Aug 04 16:21:50 2018
elapsed time: 226 seconds (0d 0h 3m 46s)

